Tipo:Arruelas
Classe:Arruela lisa 13-24mm
Classe:Arruela lisa 6.4-12mm
Classe:Arruela lisa DIN 7349 21-44mm
Classe:Arruela lisa serie pesada 13.5-32mm
Classe:Arruela de pressao
Classe:Arruela eixo 32-46mm
Classe:Arruela eixo 41-85mm
Classe:Arruela Dentada
Classe:Arruela trava eixo
Classe:Abracadeira rosca sem fim - 8mm
Tipo:Parafusos
Classe:Parafuso de cabeca cilindrica com sextavado interno e com rosca parcial
Classe:Parafuso de cabeca cilindrica com sextavado interno e com rosca total-50AI
Classe:Parafuso de cabeca cilindrica com sextavado interno e com rosca total-25Al
Classe:Parafuso de cabeca cilindrica com sextavado interno e com rosca total-25FF
Classe:Parafuso de cabeca chata com sextavado interno
Classe:Parafuso sem cabeca com sextavado interno e com ponta concava
Classe:Parafuso sextavado e com rosca inteira
Classe:Parafuso de cabeca panela com fenda phillips e rosca parcial
Classe:Parafuso de cabeca redonda com fenda simples
Classe:Parafuso frances com rosca parcial e sem porca
Classe:Parafuso madeira de cabeca chata e rosca soberba parcial - fenda Phillips
Classe:Parafuso maquina metrico cabeca cilindrica e rosca MA
Classe:Parafuso auto atarraxante de cabeca panelada com fenda simples e rosca AA
Classe:Parafuso auto atarraxante de cabeca panelada com fenda phillips e rosca AA
Classe:Parafuso sextavado com rosca parcial UNC-BSW
Classe:Parafuso sextavado 8.8 com rosca parcial
Classe:Parafuso sextavado com sextavado interno flangelado dentado e com rosca total
Classe:Parafuso frances com rosca inteira e sem porca
Classe:Parafuso sextavado com fenda combinada e rosca inteira
Tipo:Porcas
Classe:Porca sextavada 18.80mm
Classe:Porca sextavada 18.90mm
Classe:Porca sextavada 8.00mm
Classe:Porca sextavada 6.25mm
Classe:Porca sextavada estampada -recortada-
Classe:Porca sextavada auto travante 9.90mm
Classe:Porca sextavada auto travante 5.40mm
Classe:Porca calota 19.00mm
Classe:Porca calota 13.30mm
Classe:Porca borboleta 37.60mm
Classe:Porca borboleta 22.80mm
Classe:Porca borboleta 22.50mm
Classe:Porca dobradica
Classe:Porca retangular
Classe:Porca gaiola